<?xml version="1.0" encoding="UTF-8"?>
<!-- Generated by org.testng.reporters.JUnitReportReporter -->
<testsuite skipped="0" hostname="Murats-MacBook-Pro.local" name="com.qa.test.GetAPITest" tests="1" failures="0" timestamp="31 Mar 2018 05:37:41 GMT" time="0.805" errors="0">
  <testcase name="getAPITest" time="0.805" classname="com.qa.test.GetAPITest"/>
</testsuite> <!-- com.qa.test.GetAPITest -->
